1649933654271	geckodriver	INFO	Listening on 127.0.0.1:50666
1649933655204	mozrunner::runner	INFO	Running command: "/Applications/Firefox.app/Contents/MacOS/firefox-bin" "--marionette" "-foreground" "-no-remote" "-profile" "/var/folders/1f/hzjwp3d55ll17vstm49d163h0000gn/T/rust_mozprofilewanFBh"
1649933658493	Marionette	INFO	Marionette enabled
2022-04-14 19:54:19.150 firefox-bin[4295:56785] Warning: Expected min height of view: (<NSButton: 0x1244ca000>) to be less than or equal to 30 but got a height of 32.000000. This error will be logged once per view in violation.
2022-04-14 19:54:19.151 firefox-bin[4295:56785] Warning: Expected min height of view: (<NSButton: 0x1245d2800>) to be less than or equal to 30 but got a height of 32.000000. This error will be logged once per view in violation.
2022-04-14 19:54:19.151 firefox-bin[4295:56785] Warning: Expected min height of view: (<NSButton: 0x1245d5000>) to be less than or equal to 30 but got a height of 32.000000. This error will be logged once per view in violation.
2022-04-14 19:54:19.152 firefox-bin[4295:56785] Warning: Expected min height of view: (<NSButton: 0x1245d1c00>) to be less than or equal to 30 but got a height of 32.000000. This error will be logged once per view in violation.
2022-04-14 19:54:19.153 firefox-bin[4295:56785] Warning: Expected min height of view: (<NSButton: 0x1245d2400>) to be less than or equal to 30 but got a height of 32.000000. This error will be logged once per view in violation.
2022-04-14 19:54:19.153 firefox-bin[4295:56785] Warning: Expected min height of view: (<NSPopoverTouchBarItemButton: 0x1245d5c00>) to be less than or equal to 30 but got a height of 32.000000. This error will be logged once per view in violation.
2022-04-14 19:54:19.154 firefox-bin[4295:56785] Warning: Expected min height of view: (<NSPopoverTouchBarItemButton: 0x11a099c00>) to be less than or equal to 30 but got a height of 32.000000. This error will be logged once per view in violation.
console.warn: SearchSettings: "get: No settings file exists, new profile?" (new NotFoundError("Could not open the file at /var/folders/1f/hzjwp3d55ll17vstm49d163h0000gn/T/rust_mozprofilewanFBh/search.json.mozlz4", (void 0)))
console.error: BackgroundUpdate: 
  _reasonsToNotScheduleUpdates: Failed to check for Maintenance Service Registry Key: [Exception... "Component returned failure code: 0x80004001 (NS_ERROR_NOT_IMPLEMENTED) [nsIUpdateProcessor.getServiceRegKeyExists]"  nsresult: "0x80004001 (NS_ERROR_NOT_IMPLEMENTED)"  location: "JS frame :: resource://gre/modules/BackgroundUpdate.jsm :: _reasonsToNotScheduleUpdates :: line 241"  data: no]
1649933660221	Marionette	INFO	Listening on port 50688
Read port: 50688
1649933660319	RemoteAgent	WARN	TLS certificate errors will be ignored for this session
console.error: services.settings: 
  main/partitioning-exempt-urls Signature failed  InvalidSignatureError: Invalid content signature (main/partitioning-exempt-urls)
console.error: services.settings: 
  main/partitioning-exempt-urls local data was corrupted
console.warn: services.settings: main/partitioning-exempt-urls Signature verified failed. Retry from scratch
console.error: services.settings: 
  main/partitioning-exempt-urls Signature failed again InvalidSignatureError: Invalid content signature (main/partitioning-exempt-urls)
console.warn: LoginRecipes: "getRecipes: falling back to a synchronous message for:" "https://www.instagram.com"
2022-04-14 19:55:30.062 firefox-bin[4295:56785] TSM AdjustCapsLockLEDForKeyTransitionHandling - _ISSetPhysicalKeyboardCapsLockLED Inhibit
1649933730737	Marionette	INFO	Stopped listening on port 50688
JavaScript error: chrome://remote/content/marionette/cert.js, line 55: NS_ERROR_NOT_AVAILABLE: Component returned failure code: 0x80040111 (NS_ERROR_NOT_AVAILABLE) [nsICertOverrideService.setDisableAllSecurityChecksAndLetAttackersInterceptMyData]
1649933731163	geckodriver::marionette	ERROR	Failed to close browser connection: Socket is not connected (os error 57)
